# JRE version: OpenJDK Runtime Environment (11.0.13) (build 11.0.13+0-b1751.21-8125866)
# Java VM: OpenJDK 64-Bit Server VM (11.0.13+0-b1751.21-8125866, mixed mode, tiered, compressed oops, g1 gc, windows-amd64)
Heap:
 garbage-first heap   total 1038336K, used 191990K [0x0000000080000000, 0x0000000100000000)
  region size 1024K, 2 young (2048K), 2 survivors (2048K)
 Metaspace       used 143291K, capacity 146611K, committed 147152K, reserved 1177600K
  class space    used 17365K, capacity 18664K, committed 18816K, reserved 1048576K
GC Heap History (20 events):
Event: 3602.159 GC heap after
{Heap after GC invocations=150 (full 0):
 garbage-first heap   total 346112K, used 117550K [0x0000000080000000, 0x0000000100000000)
  region size 1024K, 4 young (4096K), 4 survivors (4096K)
 Metaspace       used 130079K, capacity 133239K, committed 134096K, reserved 1165312K
  class space    used 16071K, capacity 17288K, committed 17536K, reserved 1048576K
}
Event: 3611.449 GC heap before
{Heap before GC invocations=150 (full 0):
 garbage-first heap   total 346112K, used 155438K [0x0000000080000000, 0x0000000100000000)
  region size 1024K, 36 young (36864K), 4 survivors (4096K)
 Metaspace       used 134680K, capacity 137837K, committed 138576K, reserved 1169408K
  class space    used 16556K, capacity 17773K, committed 17920K, reserved 1048576K
}
Event: 3611.555 GC heap after
{Heap after GC invocations=151 (full 0):
 garbage-first heap   total 346112K, used 120413K [0x0000000080000000, 0x0000000100000000)
  region size 1024K, 3 young (3072K), 3 survivors (3072K)
 Metaspace       used 134680K, capacity 137837K, committed 138576K, reserved 1169408K
  class space    used 16556K, capacity 17773K, committed 17920K, reserved 1048576K
}
Event: 3623.156 GC heap before
{Heap before GC invocations=151 (full 0):
 garbage-first heap   total 346112K, used 160349K [0x0000000080000000, 0x0000000100000000)
  region size 1024K, 39 young (39936K), 3 survivors (3072K)
 Metaspace       used 138064K, capacity 141340K, committed 141776K, reserved 1173504K
  class space    used 16912K, capacity 18172K, committed 18304K, reserved 1048576K
}
Event: 3624.276 GC heap after
{Heap after GC invocations=152 (full 0):
 garbage-first heap   total 346112K, used 129141K [0x0000000080000000, 0x0000000100000000)
  region size 1024K, 5 young (5120K), 5 survivors (5120K)
 Metaspace       used 138064K, capacity 141340K, committed 141776K, reserved 1173504K
  class space    used 16912K, capacity 18172K, committed 18304K, reserved 1048576K
}
Event: 3625.425 GC heap before
{Heap before GC invocations=152 (full 0):
 garbage-first heap   total 346112K, used 140405K [0x0000000080000000, 0x0000000100000000)
  region size 1024K, 16 young (16384K), 5 survivors (5120K)
 Metaspace       used 138457K, capacity 141731K, committed 142288K, reserved 1173504K
  class space    used 16945K, capacity 18194K, committed 18304K, reserved 1048576K
}
Event: 3625.621 GC heap after
{Heap after GC invocations=153 (full 0):
 garbage-first heap   total 346112K, used 132084K [0x0000000080000000, 0x0000000100000000)
  region size 1024K, 2 young (2048K), 2 survivors (2048K)
 Metaspace       used 138457K, capacity 141731K, committed 142288K, reserved 1173504K
  class space    used 16945K, capacity 18194K, committed 18304K, reserved 1048576K
}
Event: 3627.064 GC heap before
{Heap before GC invocations=153 (full 0):
 garbage-first heap   total 346112K, used 147444K [0x0000000080000000, 0x0000000100000000)
  region size 1024K, 16 young (16384K), 2 survivors (2048K)
 Metaspace       used 139050K, capacity 142397K, committed 142928K, reserved 1173504K
  class space    used 16989K, capacity 18263K, committed 18432K, reserved 1048576K
}
Event: 3627.109 GC heap after
{Heap after GC invocations=154 (full 0):
 garbage-first heap   total 346112K, used 135476K [0x0000000080000000, 0x0000000100000000)
  region size 1024K, 2 young (2048K), 2 survivors (2048K)
 Metaspace       used 139050K, capacity 142397K, committed 142928K, reserved 1173504K
  class space    used 16989K, capacity 18263K, committed 18432K, reserved 1048576K
}
Event: 3629.424 GC heap before
{Heap before GC invocations=154 (full 0):
 garbage-first heap   total 346112K, used 149812K [0x0000000080000000, 0x0000000100000000)
  region size 1024K, 16 young (16384K), 2 survivors (2048K)
 Metaspace       used 142084K, capacity 145465K, committed 145872K, reserved 1177600K
  class space    used 17219K, capacity 18496K, committed 18560K, reserved 1048576K
}
Event: 3629.823 GC heap after
{Heap after GC invocations=155 (full 0):
 garbage-first heap   total 346112K, used 138089K [0x0000000080000000, 0x0000000100000000)
  region size 1024K, 2 young (2048K), 2 survivors (2048K)
 Metaspace       used 142084K, capacity 145465K, committed 145872K, reserved 1177600K
  class space    used 17219K, capacity 18496K, committed 18560K, reserved 1048576K
}
Event: 3630.241 GC heap before
{Heap before GC invocations=155 (full 0):
 garbage-first heap   total 346112K, used 152425K [0x0000000080000000, 0x0000000100000000)
  region size 1024K, 16 young (16384K), 2 survivors (2048K)
 Metaspace       used 142084K, capacity 145465K, committed 145872K, reserved 1177600K
  class space    used 17219K, capacity 18496K, committed 18560K, reserved 1048576K
}
Event: 3633.000 GC heap after
{Heap after GC invocations=156 (full 0):
 garbage-first heap   total 346112K, used 152691K [0x0000000080000000, 0x0000000100000000)
  region size 1024K, 2 young (2048K), 2 survivors (2048K)
 Metaspace       used 142084K, capacity 145465K, committed 145872K, reserved 1177600K
  class space    used 17219K, capacity 18496K, committed 18560K, reserved 1048576K
}
Event: 3633.342 GC heap before
{Heap before GC invocations=156 (full 0):
 garbage-first heap   total 346112K, used 166003K [0x0000000080000000, 0x0000000100000000)
  region size 1024K, 16 young (16384K), 2 survivors (2048K)
 Metaspace       used 142107K, capacity 145465K, committed 145872K, reserved 1177600K
  class space    used 17221K, capacity 18496K, committed 18560K, reserved 1048576K
}
Event: 3644.266 GC heap after
{Heap after GC invocations=157 (full 0):
 garbage-first heap   total 346112K, used 165888K [0x0000000080000000, 0x0000000100000000)
  region size 1024K, 2 young (2048K), 2 survivors (2048K)
 Metaspace       used 142107K, capacity 145465K, committed 145872K, reserved 1177600K
  class space    used 17221K, capacity 18496K, committed 18560K, reserved 1048576K
}
Event: 3644.402 GC heap before
{Heap before GC invocations=157 (full 0):
 garbage-first heap   total 346112K, used 180224K [0x0000000080000000, 0x0000000100000000)
  region size 1024K, 16 young (16384K), 2 survivors (2048K)
 Metaspace       used 142109K, capacity 145465K, committed 145872K, reserved 1177600K
  class space    used 17221K, capacity 18496K, committed 18560K, reserved 1048576K
}
Event: 3651.764 GC heap after
{Heap after GC invocations=158 (full 0):
 garbage-first heap   total 346112K, used 177664K [0x0000000080000000, 0x0000000100000000)
  region size 1024K, 2 young (2048K), 2 survivors (2048K)
 Metaspace       used 142109K, capacity 145465K, committed 145872K, reserved 1177600K
  class space    used 17221K, capacity 18496K, committed 18560K, reserved 1048576K
}
Event: 3652.316 GC heap before
{Heap before GC invocations=158 (full 0):
 garbage-first heap   total 346112K, used 192000K [0x0000000080000000, 0x0000000100000000)
  region size 1024K, 16 young (16384K), 2 survivors (2048K)
 Metaspace       used 142109K, capacity 145465K, committed 145872K, reserved 1177600K
  class space    used 17221K, capacity 18496K, committed 18560K, reserved 1048576K
}
Event: 3662.982 GC heap after
{Heap after GC invocations=159 (full 0):
 garbage-first heap   total 346112K, used 188416K [0x0000000080000000, 0x0000000100000000)
  region size 1024K, 2 young (2048K), 2 survivors (2048K)
 Metaspace       used 142109K, capacity 145465K, committed 145872K, reserved 1177600K
  class space    used 17221K, capacity 18496K, committed 18560K, reserved 1048576K
}
Event: 3666.753 GC heap before
{Heap before GC invocations=160 (full 0):
 garbage-first heap   total 346112K, used 202752K [0x0000000080000000, 0x0000000100000000)
  region size 1024K, 16 young (16384K), 2 survivors (2048K)
 Metaspace       used 143291K, capacity 146611K, committed 147152K, reserved 1177600K
  class space    used 17365K, capacity 18664K, committed 18816K, reserved 1048576K
}

